e:\project\bypass_av\x64\release\syscallsstubs.obj
e:\project\bypass_av\x64\release\vc142.pdb
e:\project\bypass_av\x64\release\wifi-check.obj
e:\project\bypass_av\x64\release\kernelmode_antidbg.obj
e:\project\bypass_av\x64\release\find-pid.obj
e:\project\bypass_av\x64\release\eva.obj
e:\project\bypass_av\x64\release\syscalls.obj
e:\project\bypass_av\x64\release\bypass_av.exe
e:\project\bypass_av\x64\release\bypass_av.pdb
e:\project\bypass_av\x64\release\bypass_av.ipdb
e:\project\bypass_av\x64\release\bypass_av.iobj
e:\project\bypass_av\x64\release\bypass_av.tlog\masm.read.1u.tlog
e:\project\bypass_av\x64\release\bypass_av.tlog\masm.write.1u.tlog
e:\project\bypass_av\x64\release\bypass_av.tlog\cl.read.1.tlog
e:\project\bypass_av\x64\release\bypass_av.tlog\cl.write.1.tlog
e:\project\bypass_av\x64\release\bypass_av.tlog\cl.command.1.tlog
e:\project\bypass_av\x64\release\bypass_av.tlog\link.read.8.tlog
e:\project\bypass_av\x64\release\bypass_av.tlog\link.write.1.tlog
e:\project\bypass_av\x64\release\bypass_av.tlog\link.command.1.tlog
e:\project\bypass_av\x64\release\bypass_av.tlog\bypass_av.write.1u.tlog
